+ wd=/data/jzr5814/sourmash_dnds_estimation/tests/results/genomic_dnds/marine_bacteria
+ ref_dna=/data/jzr5814/sourmash_dnds_estimation/tests/results/genomic_dnds/marine_bacteria/signatures/marine_bacteria.dna.sig.gzip
+ query_dna=/data/jzr5814/sourmash_dnds_estimation/tests/results/genomic_dnds/marine_bacteria/signatures/marine_bacteria.dna.sig.gzip
+ ref_prot=/data/jzr5814/sourmash_dnds_estimation/tests/results/genomic_dnds/marine_bacteria/signatures/marine_bacteria.prot.sig.gzip
+ query_prot=/data/jzr5814/sourmash_dnds_estimation/tests/results/genomic_dnds/marine_bacteria/signatures/marine_bacteria.prot.sig.gzip
+ cd /data/jzr5814/sourmash_dnds_estimation/tests/results/genomic_dnds/marine_bacteria
+ mkdir compare_protein
+ mkdir compare_dna
+ output_compare_protein=/data/jzr5814/sourmash_dnds_estimation/tests/results/genomic_dnds/marine_bacteria/compare_protein
+ output_compare_dna=/data/jzr5814/sourmash_dnds_estimation/tests/results/genomic_dnds/marine_bacteria/compare_dna
+ for ksize in 5 7 10 15 20
+ nt_k=15
+ for ksize in 5 7 10 15 20
+ nt_k=21
+ nohup time sourmash compare /data/jzr5814/sourmash_dnds_estimation/tests/results/genomic_dnds/marine_bacteria/signatures/marine_bacteria.dna.sig.gzip /data/jzr5814/sourmash_dnds_estimation/tests/results/genomic_dnds/marine_bacteria/signatures/marine_bacteria.dna.sig.gzip --containment --dna --ksize 15 --o /data/jzr5814/sourmash_dnds_estimation/tests/results/genomic_dnds/marine_bacteria/compare_dna/compare.dna.15.mat --csv /data/jzr5814/sourmash_dnds_estimation/tests/results/genomic_dnds/marine_bacteria/compare_dna/compare.dna.15.csv
+ nohup time sourmash compare /data/jzr5814/sourmash_dnds_estimation/tests/results/genomic_dnds/marine_bacteria/signatures/marine_bacteria.prot.sig.gzip /data/jzr5814/sourmash_dnds_estimation/tests/results/genomic_dnds/marine_bacteria/signatures/marine_bacteria.prot.sig.gzip --containment --protein --ksize 5 --o /data/jzr5814/sourmash_dnds_estimation/tests/results/genomic_dnds/marine_bacteria/compare_protein/compare.prot.5.mat --csv /data/jzr5814/sourmash_dnds_estimation/tests/results/genomic_dnds/marine_bacteria/compare_protein/compare.prot.5.csv
+ for ksize in 5 7 10 15 20
+ nt_k=30
+ nohup time sourmash compare /data/jzr5814/sourmash_dnds_estimation/tests/results/genomic_dnds/marine_bacteria/signatures/marine_bacteria.dna.sig.gzip /data/jzr5814/sourmash_dnds_estimation/tests/results/genomic_dnds/marine_bacteria/signatures/marine_bacteria.dna.sig.gzip --containment --dna --ksize 21 --o /data/jzr5814/sourmash_dnds_estimation/tests/results/genomic_dnds/marine_bacteria/compare_dna/compare.dna.21.mat --csv /data/jzr5814/sourmash_dnds_estimation/tests/results/genomic_dnds/marine_bacteria/compare_dna/compare.dna.21.csv
+ nohup time sourmash compare /data/jzr5814/sourmash_dnds_estimation/tests/results/genomic_dnds/marine_bacteria/signatures/marine_bacteria.prot.sig.gzip /data/jzr5814/sourmash_dnds_estimation/tests/results/genomic_dnds/marine_bacteria/signatures/marine_bacteria.prot.sig.gzip --containment --protein --ksize 7 --o /data/jzr5814/sourmash_dnds_estimation/tests/results/genomic_dnds/marine_bacteria/compare_protein/compare.prot.7.mat --csv /data/jzr5814/sourmash_dnds_estimation/tests/results/genomic_dnds/marine_bacteria/compare_protein/compare.prot.7.csv
+ for ksize in 5 7 10 15 20
+ nt_k=45
+ nohup time sourmash compare /data/jzr5814/sourmash_dnds_estimation/tests/results/genomic_dnds/marine_bacteria/signatures/marine_bacteria.dna.sig.gzip /data/jzr5814/sourmash_dnds_estimation/tests/results/genomic_dnds/marine_bacteria/signatures/marine_bacteria.dna.sig.gzip --containment --dna --ksize 30 --o /data/jzr5814/sourmash_dnds_estimation/tests/results/genomic_dnds/marine_bacteria/compare_dna/compare.dna.30.mat --csv /data/jzr5814/sourmash_dnds_estimation/tests/results/genomic_dnds/marine_bacteria/compare_dna/compare.dna.30.csv
+ nohup time sourmash compare /data/jzr5814/sourmash_dnds_estimation/tests/results/genomic_dnds/marine_bacteria/signatures/marine_bacteria.prot.sig.gzip /data/jzr5814/sourmash_dnds_estimation/tests/results/genomic_dnds/marine_bacteria/signatures/marine_bacteria.prot.sig.gzip --containment --protein --ksize 10 --o /data/jzr5814/sourmash_dnds_estimation/tests/results/genomic_dnds/marine_bacteria/compare_protein/compare.prot.10.mat --csv /data/jzr5814/sourmash_dnds_estimation/tests/results/genomic_dnds/marine_bacteria/compare_protein/compare.prot.10.csv
+ for ksize in 5 7 10 15 20
+ nt_k=60
+ nohup time sourmash compare /data/jzr5814/sourmash_dnds_estimation/tests/results/genomic_dnds/marine_bacteria/signatures/marine_bacteria.dna.sig.gzip /data/jzr5814/sourmash_dnds_estimation/tests/results/genomic_dnds/marine_bacteria/signatures/marine_bacteria.dna.sig.gzip --containment --dna --ksize 45 --o /data/jzr5814/sourmash_dnds_estimation/tests/results/genomic_dnds/marine_bacteria/compare_dna/compare.dna.45.mat --csv /data/jzr5814/sourmash_dnds_estimation/tests/results/genomic_dnds/marine_bacteria/compare_dna/compare.dna.45.csv
+ nohup time sourmash compare /data/jzr5814/sourmash_dnds_estimation/tests/results/genomic_dnds/marine_bacteria/signatures/marine_bacteria.prot.sig.gzip /data/jzr5814/sourmash_dnds_estimation/tests/results/genomic_dnds/marine_bacteria/signatures/marine_bacteria.prot.sig.gzip --containment --protein --ksize 15 --o /data/jzr5814/sourmash_dnds_estimation/tests/results/genomic_dnds/marine_bacteria/compare_protein/compare.prot.15.mat --csv /data/jzr5814/sourmash_dnds_estimation/tests/results/genomic_dnds/marine_bacteria/compare_protein/compare.prot.15.csv
+ nohup time sourmash compare /data/jzr5814/sourmash_dnds_estimation/tests/results/genomic_dnds/marine_bacteria/signatures/marine_bacteria.dna.sig.gzip /data/jzr5814/sourmash_dnds_estimation/tests/results/genomic_dnds/marine_bacteria/signatures/marine_bacteria.dna.sig.gzip --containment --dna --ksize 60 --o /data/jzr5814/sourmash_dnds_estimation/tests/results/genomic_dnds/marine_bacteria/compare_dna/compare.dna.60.mat --csv /data/jzr5814/sourmash_dnds_estimation/tests/results/genomic_dnds/marine_bacteria/compare_dna/compare.dna.60.csv
+ nohup time sourmash compare /data/jzr5814/sourmash_dnds_estimation/tests/results/genomic_dnds/marine_bacteria/signatures/marine_bacteria.prot.sig.gzip /data/jzr5814/sourmash_dnds_estimation/tests/results/genomic_dnds/marine_bacteria/signatures/marine_bacteria.prot.sig.gzip --containment --protein --ksize 20 --o /data/jzr5814/sourmash_dnds_estimation/tests/results/genomic_dnds/marine_bacteria/compare_protein/compare.prot.20.mat --csv /data/jzr5814/sourmash_dnds_estimation/tests/results/genomic_dnds/marine_bacteria/compare_protein/compare.prot.20.csv
