Building DAG of jobs...
Using shell: /usr/bin/bash
Provided cores: 1 (use --cores to define parallelism)
Rules claiming more threads will be scaled down.
Job stats:
job                       count    min threads    max threads
----------------------  -------  -------------  -------------
get_six_reading_frames        1              1              1
total                         1              1              1

Select jobs to execute...

[Tue Feb 14 08:37:01 2023]
rule get_six_reading_frames:
    input: /data/jzr5814/repositories/dnds-using-fmh/src/sourmash_frame_prediction/snakemake_version/scripts/1_output_six_reading_frames.py, /data/jzr5814/sourmash_frame_prediction/data/500_sequences.fna
    output: /data/jzr5814/sourmash_frame_prediction/snakemake_test/query_frames.faa
    jobid: 0
    reason: Missing output files: /data/jzr5814/sourmash_frame_prediction/snakemake_test/query_frames.faa
    resources: tmpdir=/tmp

RuleException in rule get_six_reading_frames in file /data/jzr5814/repositories/dnds-using-fmh/src/sourmash_frame_prediction/snakemake_version/Snakefile, line 9:
AttributeError: 'InputFiles' object has no attribute 'cnd', when formatting the following:
python3 {input.cnd} --nucleotide_fasta {input.fna_file} --output {output}
